<?xml version="1.0" encoding="UTF-8"?>
<!-- Generated by org.testng.reporters.JUnitXMLReporter -->
<testsuite hostname="madhavi" ignored="0" name="Default test" tests="6" failures="0" timestamp="30 Dec 2018 13:34:50 GMT" time="95.835" errors="0">
  <testcase name="Company_setupTest" time="5.879" classname="com.qa.FAM.test.Company_setupTest"/>
  <testcase name="Company_setupTest" time="2.32" classname="com.qa.FAM.test.Company_setupTest"/>
  <testcase name="Company_setupTest" time="2.58" classname="com.qa.FAM.test.Company_setupTest"/>
  <testcase name="Company_setupTest" time="2.595" classname="com.qa.FAM.test.Company_setupTest"/>
  <testcase name="verify_dropdown" time="3.139" classname="com.qa.FAM.test.Company_setupTest"/>
  <testcase name="verify_checkbox" time="1.16" classname="com.qa.FAM.test.Company_setupTest"/>
</testsuite> <!-- Default test -->
