<?xml version="1.0" encoding="UTF-8"?>
<testng-results skipped="0" failed="0" ignored="0" total="6" passed="6">
  <reporter-output>
  </reporter-output>
  <suite name="Default suite" duration-ms="95835" started-at="2018-12-30T13:33:14Z" finished-at="2018-12-30T13:34:50Z">
    <groups>
    </groups>
    <test name="Default test" duration-ms="95835" started-at="2018-12-30T13:33:14Z" finished-at="2018-12-30T13:34:50Z">
      <class name="com.qa.FAM.test.Company_setupTest">
        <test-method status="PASS" signature="Setup()[pri:0, instance:com.qa.FAM.test.Company_setupTest@548e7350]" name="Setup" is-config="true" duration-ms="13896" started-at="2018-12-30T13:33:16Z" finished-at="2018-12-30T13:33:29Z">
          <reporter-output>
          </reporter-output>
        </test-method> <!-- Setup -->
        <test-method status="PASS" signature="Company_setupTest(java.lang.String, java.lang.String, java.lang.String, java.lang.String, java.lang.String, java.lang.String, java.lang.String, java.lang.String, java.lang.String, java.lang.String, java.lang.String)[pri:1, instance:com.qa.FAM.test.Company_setupTest@548e7350]" name="Company_setupTest" duration-ms="5879" started-at="2018-12-30T13:33:29Z" data-provider="getFAMdata" finished-at="2018-12-30T13:33:35Z">
          <params>
            <param index="0">
              <value>
                <![CDATA[JBk]]>
              </value>
            </param>
            <param index="1">
              <value>
                <![CDATA[karve Nagar Pune]]>
              </value>
            </param>
            <param index="2">
              <value>
                <![CDATA[Indian]]>
              </value>
            </param>
            <param index="3">
              <value>
                <![CDATA[7.89456123E9]]>
              </value>
            </param>
            <param index="4">
              <value>
                <![CDATA[jbk@pune]]>
              </value>
            </param>
            <param index="5">
              <value>
                <![CDATA[4.56123078912E11]]>
              </value>
            </param>
            <param index="6">
              <value>
                <![CDATA[2.0]]>
              </value>
            </param>
            <param index="7">
              <value>
                <![CDATA[9.0]]>
              </value>
            </param>
            <param index="8">
              <value>
                <![CDATA[600.0]]>
              </value>
            </param>
            <param index="9">
              <value>
                <![CDATA[0.0]]>
              </value>
            </param>
            <param index="10">
              <value>
                <![CDATA[600.0]]>
              </value>
            </param>
          </params>
          <reporter-output>
          </reporter-output>
        </test-method> <!-- Company_setupTest -->
        <test-method status="PASS" signature="close_browser()[pri:0, instance:com.qa.FAM.test.Company_setupTest@548e7350]" name="close_browser" is-config="true" duration-ms="592" started-at="2018-12-30T13:33:35Z" finished-at="2018-12-30T13:33:36Z">
          <reporter-output>
          </reporter-output>
        </test-method> <!-- close_browser -->
        <test-method status="PASS" signature="Setup()[pri:0, instance:com.qa.FAM.test.Company_setupTest@548e7350]" name="Setup" is-config="true" duration-ms="13592" started-at="2018-12-30T13:33:36Z" finished-at="2018-12-30T13:33:49Z">
          <reporter-output>
          </reporter-output>
        </test-method> <!-- Setup -->
        <test-method status="PASS" signature="Company_setupTest(java.lang.String, java.lang.String, java.lang.String, java.lang.String, java.lang.String, java.lang.String, java.lang.String, java.lang.String, java.lang.String, java.lang.String, java.lang.String)[pri:1, instance:com.qa.FAM.test.Company_setupTest@548e7350]" name="Company_setupTest" duration-ms="2320" started-at="2018-12-30T13:33:49Z" data-provider="getFAMdata" finished-at="2018-12-30T13:33:52Z">
          <params>
            <param index="0">
              <value>
                <![CDATA[Ingecno&]]>
              </value>
            </param>
            <param index="1">
              <value>
                <![CDATA[Dattavadi Pune]]>
              </value>
            </param>
            <param index="2">
              <value>
                <![CDATA[italy]]>
              </value>
            </param>
            <param index="3">
              <value>
                <![CDATA[8.974563516E9]]>
              </value>
            </param>
            <param index="4">
              <value>
                <![CDATA[ingecno@pune]]>
              </value>
            </param>
            <param index="5">
              <value>
                <![CDATA[7.89456132812E11]]>
              </value>
            </param>
            <param index="6">
              <value>
                <![CDATA[7.0]]>
              </value>
            </param>
            <param index="7">
              <value>
                <![CDATA[8.0]]>
              </value>
            </param>
            <param index="8">
              <value>
                <![CDATA[1.0]]>
              </value>
            </param>
            <param index="9">
              <value>
                <![CDATA[10.0]]>
              </value>
            </param>
            <param index="10">
              <value>
                <![CDATA[1000.0]]>
              </value>
            </param>
          </params>
          <reporter-output>
          </reporter-output>
        </test-method> <!-- Company_setupTest -->
        <test-method status="PASS" signature="close_browser()[pri:0, instance:com.qa.FAM.test.Company_setupTest@548e7350]" name="close_browser" is-config="true" duration-ms="144" started-at="2018-12-30T13:33:52Z" finished-at="2018-12-30T13:33:52Z">
          <reporter-output>
          </reporter-output>
        </test-method> <!-- close_browser -->
        <test-method status="PASS" signature="Setup()[pri:0, instance:com.qa.FAM.test.Company_setupTest@548e7350]" name="Setup" is-config="true" duration-ms="12385" started-at="2018-12-30T13:33:52Z" finished-at="2018-12-30T13:34:04Z">
          <reporter-output>
          </reporter-output>
        </test-method> <!-- Setup -->
        <test-method status="PASS" signature="Company_setupTest(java.lang.String, java.lang.String, java.lang.String, java.lang.String, java.lang.String, java.lang.String, java.lang.String, java.lang.String, java.lang.String, java.lang.String, java.lang.String)[pri:1, instance:com.qa.FAM.test.Company_setupTest@548e7350]" name="Company_setupTest" duration-ms="2580" started-at="2018-12-30T13:34:04Z" data-provider="getFAMdata" finished-at="2018-12-30T13:34:07Z">
          <params>
            <param index="0">
              <value>
                <![CDATA[$Alsis]]>
              </value>
            </param>
            <param index="1">
              <value>
                <![CDATA[Maharshi Nagar Pune]]>
              </value>
            </param>
            <param index="2">
              <value>
                <![CDATA[England]]>
              </value>
            </param>
            <param index="3">
              <value>
                <![CDATA[9.874563219E9]]>
              </value>
            </param>
            <param index="4">
              <value>
                <![CDATA[alsis@pune]]>
              </value>
            </param>
            <param index="5">
              <value>
                <![CDATA[7.89456123023146E14]]>
              </value>
            </param>
            <param index="6">
              <value>
                <![CDATA[12.0]]>
              </value>
            </param>
            <param index="7">
              <value>
                <![CDATA[11.0]]>
              </value>
            </param>
            <param index="8">
              <value>
                <![CDATA[150000.0]]>
              </value>
            </param>
            <param index="9">
              <value>
                <![CDATA[1.0]]>
              </value>
            </param>
            <param index="10">
              <value>
                <![CDATA[500.0]]>
              </value>
            </param>
          </params>
          <reporter-output>
          </reporter-output>
        </test-method> <!-- Company_setupTest -->
        <test-method status="PASS" signature="close_browser()[pri:0, instance:com.qa.FAM.test.Company_setupTest@548e7350]" name="close_browser" is-config="true" duration-ms="160" started-at="2018-12-30T13:34:07Z" finished-at="2018-12-30T13:34:07Z">
          <reporter-output>
          </reporter-output>
        </test-method> <!-- close_browser -->
        <test-method status="PASS" signature="Setup()[pri:0, instance:com.qa.FAM.test.Company_setupTest@548e7350]" name="Setup" is-config="true" duration-ms="11910" started-at="2018-12-30T13:34:07Z" finished-at="2018-12-30T13:34:19Z">
          <reporter-output>
          </reporter-output>
        </test-method> <!-- Setup -->
        <test-method status="PASS" signature="Company_setupTest(java.lang.String, java.lang.String, java.lang.String, java.lang.String, java.lang.String, java.lang.String, java.lang.String, java.lang.String, java.lang.String, java.lang.String, java.lang.String)[pri:1, instance:com.qa.FAM.test.Company_setupTest@548e7350]" name="Company_setupTest" duration-ms="2595" started-at="2018-12-30T13:34:19Z" data-provider="getFAMdata" finished-at="2018-12-30T13:34:22Z">
          <params>
            <param index="0">
              <value>
                <![CDATA[Transword technology private limited]]>
              </value>
            </param>
            <param index="1">
              <value>
                <![CDATA[Mundhawa Pune]]>
              </value>
            </param>
            <param index="2">
              <value>
                <![CDATA[Japan]]>
              </value>
            </param>
            <param index="3">
              <value>
                <![CDATA[7.412589638E9]]>
              </value>
            </param>
            <param index="4">
              <value>
                <![CDATA[transword@pune]]>
              </value>
            </param>
            <param index="5">
              <value>
                <![CDATA[9.6321456987E12]]>
              </value>
            </param>
            <param index="6">
              <value>
                <![CDATA[45.0]]>
              </value>
            </param>
            <param index="7">
              <value>
                <![CDATA[23.0]]>
              </value>
            </param>
            <param index="8">
              <value>
                <![CDATA[700000.0]]>
              </value>
            </param>
            <param index="9">
              <value>
                <![CDATA[56.0]]>
              </value>
            </param>
            <param index="10">
              <value>
                <![CDATA[1500000.0]]>
              </value>
            </param>
          </params>
          <reporter-output>
          </reporter-output>
        </test-method> <!-- Company_setupTest -->
        <test-method status="PASS" signature="close_browser()[pri:0, instance:com.qa.FAM.test.Company_setupTest@548e7350]" name="close_browser" is-config="true" duration-ms="144" started-at="2018-12-30T13:34:22Z" finished-at="2018-12-30T13:34:22Z">
          <reporter-output>
          </reporter-output>
        </test-method> <!-- close_browser -->
        <test-method status="PASS" signature="Setup()[pri:0, instance:com.qa.FAM.test.Company_setupTest@548e7350]" name="Setup" is-config="true" duration-ms="11564" started-at="2018-12-30T13:34:22Z" finished-at="2018-12-30T13:34:33Z">
          <reporter-output>
          </reporter-output>
        </test-method> <!-- Setup -->
        <test-method status="PASS" signature="verify_dropdown()[pri:2, instance:com.qa.FAM.test.Company_setupTest@548e7350]" name="verify_dropdown" duration-ms="3139" started-at="2018-12-30T13:34:33Z" finished-at="2018-12-30T13:34:36Z">
          <reporter-output>
          </reporter-output>
        </test-method> <!-- verify_dropdown -->
        <test-method status="PASS" signature="close_browser()[pri:0, instance:com.qa.FAM.test.Company_setupTest@548e7350]" name="close_browser" is-config="true" duration-ms="180" started-at="2018-12-30T13:34:36Z" finished-at="2018-12-30T13:34:37Z">
          <reporter-output>
          </reporter-output>
        </test-method> <!-- close_browser -->
        <test-method status="PASS" signature="Setup()[pri:0, instance:com.qa.FAM.test.Company_setupTest@548e7350]" name="Setup" is-config="true" duration-ms="11987" started-at="2018-12-30T13:34:37Z" finished-at="2018-12-30T13:34:49Z">
          <reporter-output>
          </reporter-output>
        </test-method> <!-- Setup -->
        <test-method status="PASS" signature="verify_checkbox()[pri:3, instance:com.qa.FAM.test.Company_setupTest@548e7350]" name="verify_checkbox" duration-ms="1160" started-at="2018-12-30T13:34:49Z" finished-at="2018-12-30T13:34:50Z">
          <reporter-output>
          </reporter-output>
        </test-method> <!-- verify_checkbox -->
        <test-method status="PASS" signature="close_browser()[pri:0, instance:com.qa.FAM.test.Company_setupTest@548e7350]" name="close_browser" is-config="true" duration-ms="268" started-at="2018-12-30T13:34:50Z" finished-at="2018-12-30T13:34:50Z">
          <reporter-output>
          </reporter-output>
        </test-method> <!-- close_browser -->
      </class> <!-- com.qa.FAM.test.Company_setupTest -->
    </test> <!-- Default test -->
  </suite> <!-- Default suite -->
</testng-results>
